7.0.1_0.3.3/prj/android/app/build/intermediates/manifest_merge_blame_file/devDebug/manifest-merger-blame-dev-debug-report.txt
1<?xml version="1.0" encoding="utf-8"?>
2<manifest xmlns:android="http://schemas.android.com/apk/res/android"
3    package="io.entidad.app.ariessdk.developerapp"
4    android:versionCode="7"
5    android:versionName="0.0.6-developerApp" >
6
7    <uses-sdk
8        android:minSdkVersion="21"
9        android:targetSdkVersion="31" />
10
11    <uses-permission android:name="android.permission.SYSTEM_ALERT_WINDOW" />
11-->src/main/AndroidManifest.xml:7:5-77
11-->src/main/AndroidManifest.xml:7:22-75
12
13    <supports-screens
13-->src/main/AndroidManifest.xml:55:5-140
14        android:largeScreens="false"
14-->src/main/AndroidManifest.xml:55:80-108
15        android:normalScreens="true"
15-->src/main/AndroidManifest.xml:55:51-79
16        android:smallScreens="true"
16-->src/main/AndroidManifest.xml:55:23-50
17        android:xlargeScreens="false" />
17-->src/main/AndroidManifest.xml:55:109-138
18
19    <uses-permission android:name="android.permission.ACCESS_BACKGROUND_LOCATION" />
19-->src/main/AndroidManifest.xml:2:5-84
19-->src/main/AndroidManifest.xml:2:22-82
20    <uses-permission android:name="android.permission.ACCESS_COARSE_LOCATION" />
20-->src/main/AndroidManifest.xml:3:5-80
20-->src/main/AndroidManifest.xml:3:22-78
21    <uses-permission android:name="android.permission.INTERNET" />
21-->src/main/AndroidManifest.xml:6:5-66
21-->src/main/AndroidManifest.xml:6:22-64
22    <uses-permission android:name="android.permission.CAMERA" />
22-->src/main/AndroidManifest.xml:8:5-64
22-->src/main/AndroidManifest.xml:8:22-62
23    <uses-permission android:name="android.permission.ACCESS_FINE_LOCATION" /> <!-- Required for scheduling local notifications -->
23-->src/main/AndroidManifest.xml:9:5-78
23-->src/main/AndroidManifest.xml:9:22-76
24    <uses-permission android:name="android.permission.SCHEDULE_EXACT_ALARM" />
24-->src/main/AndroidManifest.xml:11:5-78
24-->src/main/AndroidManifest.xml:11:22-76
25    <!--
26 Mark the following features as required to filter out devices missing these features. See:
27        https://developer.android.com/guide/topics/manifest/uses-feature-element
28    -->
29    <uses-feature
29-->src/main/AndroidManifest.xml:14:5-84
30        android:name="android.hardware.camera"
30-->src/main/AndroidManifest.xml:14:19-57
31        android:required="false" />
31-->src/main/AndroidManifest.xml:14:58-82
32    <uses-feature
32-->src/main/AndroidManifest.xml:15:5-90
33        android:name="android.hardware.bluetooth_le"
33-->src/main/AndroidManifest.xml:15:19-63
34        android:required="false" />
34-->src/main/AndroidManifest.xml:15:64-88
35    <uses-feature
35-->src/main/AndroidManifest.xml:16:5-81
36        android:name="android.hardware.nfc"
36-->src/main/AndroidManifest.xml:16:19-54
37        android:required="false" />
37-->src/main/AndroidManifest.xml:16:55-79
38
39    <queries>
39-->src/main/AndroidManifest.xml:17:5-34:15
40        <intent>
40-->src/main/AndroidManifest.xml:18:9-21:18
41            <action android:name="android.intent.action.VIEW" />
41-->src/main/AndroidManifest.xml:19:13-64
41-->src/main/AndroidManifest.xml:19:21-62
42
43            <data android:scheme="https" />
43-->src/main/AndroidManifest.xml:20:13-43
43-->src/main/AndroidManifest.xml:20:19-41
44        </intent>
45        <intent>
45-->src/main/AndroidManifest.xml:22:9-25:18
46            <action android:name="android.intent.action.VIEW" />
46-->src/main/AndroidManifest.xml:19:13-64
46-->src/main/AndroidManifest.xml:19:21-62
47
48            <data android:scheme="tel" />
48-->src/main/AndroidManifest.xml:20:13-43
48-->src/main/AndroidManifest.xml:20:19-41
49        </intent>
50        <intent>
50-->src/main/AndroidManifest.xml:26:9-29:18
51            <action android:name="android.intent.action.VIEW" />
51-->src/main/AndroidManifest.xml:19:13-64
51-->src/main/AndroidManifest.xml:19:21-62
52
53            <data android:scheme="mailto" />
53-->src/main/AndroidManifest.xml:20:13-43
53-->src/main/AndroidManifest.xml:20:19-41
54        </intent>
55        <intent>
55-->src/main/AndroidManifest.xml:30:9-33:18
56            <action android:name="android.intent.action.VIEW" />
56-->src/main/AndroidManifest.xml:19:13-64
56-->src/main/AndroidManifest.xml:19:21-62
57
58            <data android:scheme="google.navigation" />
58-->src/main/AndroidManifest.xml:20:13-43
58-->src/main/AndroidManifest.xml:20:19-41
59        </intent>
60    </queries>
61
62    <uses-permission android:name="android.permission.ACCESS_WIFI_STATE" />
62-->[com.facebook.flipper:flipper:0.125.0] AndroidManifest.xml:16:5-76
62-->[com.facebook.flipper:flipper:0.125.0] AndroidManifest.xml:16:22-73
63    <uses-permission android:name="android.permission.WAKE_LOCK" />
63-->[:react-native-firebase_messaging] AndroidManifest.xml:10:5-68
63-->[:react-native-firebase_messaging] AndroidManifest.xml:10:22-65
64    <uses-permission android:name="android.permission.ACCESS_NETWORK_STATE" />
64-->[:react-native-firebase_messaging] AndroidManifest.xml:11:5-79
64-->[:react-native-firebase_messaging] AndroidManifest.xml:11:22-76
65    <uses-permission android:name="android.permission.WRITE_EXTERNAL_STORAGE" />
65-->[:indy-sdk-react-native] AndroidManifest.xml:24:5-81
65-->[:indy-sdk-react-native] AndroidManifest.xml:24:22-78
66
67    <uses-feature
67-->[:react-native-camera] AndroidManifest.xml:14:5-16:36
68        android:name="android.hardware.camera.autofocus"
68-->[:react-native-camera] AndroidManifest.xml:15:9-57
69        android:required="false" />
69-->[:react-native-camera] AndroidManifest.xml:16:9-33
70
71    <uses-permission android:name="android.permission.USE_BIOMETRIC" />
71-->[:react-native-sensitive-info] AndroidManifest.xml:9:5-72
71-->[:react-native-sensitive-info] AndroidManifest.xml:9:22-69
72    <uses-permission android:name="android.permission.USE_FINGERPRINT" /> <!-- for android -->
72-->[:react-native-sensitive-info] AndroidManifest.xml:10:5-74
72-->[:react-native-sensitive-info] AndroidManifest.xml:10:22-71
73    <!-- <uses-permission android:name="com.android.launcher.permission.READ_SETTINGS"/> -->
74    <!-- <uses-permission android:name="com.android.launcher.permission.WRITE_SETTINGS"/> -->
75    <!-- <uses-permission android:name="com.android.launcher.permission.INSTALL_SHORTCUT" /> -->
76    <!-- <uses-permission android:name="com.android.launcher.permission.UNINSTALL_SHORTCUT" /> -->
77    <!-- for Samsung -->
78    <uses-permission android:name="com.sec.android.provider.badge.permission.READ" />
78-->[me.leolin:ShortcutBadger:1.1.22] AndroidManifest.xml:19:5-86
78-->[me.leolin:ShortcutBadger:1.1.22] AndroidManifest.xml:19:22-83
79    <uses-permission android:name="com.sec.android.provider.badge.permission.WRITE" /> <!-- for htc -->
79-->[me.leolin:ShortcutBadger:1.1.22] AndroidManifest.xml:20:5-87
79-->[me.leolin:ShortcutBadger:1.1.22] AndroidManifest.xml:20:22-84
80    <uses-permission android:name="com.htc.launcher.permission.READ_SETTINGS" />
80-->[me.leolin:ShortcutBadger:1.1.22] AndroidManifest.xml:23:5-81
80-->[me.leolin:ShortcutBadger:1.1.22] AndroidManifest.xml:23:22-78
81    <uses-permission android:name="com.htc.launcher.permission.UPDATE_SHORTCUT" /> <!-- for sony -->
81-->[me.leolin:ShortcutBadger:1.1.22] AndroidManifest.xml:24:5-83
81-->[me.leolin:ShortcutBadger:1.1.22] AndroidManifest.xml:24:22-80
82    <uses-permission android:name="com.sonyericsson.home.permission.BROADCAST_BADGE" />
82-->[me.leolin:ShortcutBadger:1.1.22] AndroidManifest.xml:27:5-88
82-->[me.leolin:ShortcutBadger:1.1.22] AndroidManifest.xml:27:22-85
83    <uses-permission android:name="com.sonymobile.home.permission.PROVIDER_INSERT_BADGE" /> <!-- for apex -->
83-->[me.leolin:ShortcutBadger:1.1.22] AndroidManifest.xml:28:5-92
83-->[me.leolin:ShortcutBadger:1.1.22] AndroidManifest.xml:28:22-89
84    <uses-permission android:name="com.anddoes.launcher.permission.UPDATE_COUNT" /> <!-- for solid -->
84-->[me.leolin:ShortcutBadger:1.1.22] AndroidManifest.xml:31:5-84
84-->[me.leolin:ShortcutBadger:1.1.22] AndroidManifest.xml:31:22-81
85    <uses-permission android:name="com.majeur.launcher.permission.UPDATE_BADGE" /> <!-- for huawei -->
85-->[me.leolin:ShortcutBadger:1.1.22] AndroidManifest.xml:34:5-83
85-->[me.leolin:ShortcutBadger:1.1.22] AndroidManifest.xml:34:22-80
86    <uses-permission android:name="com.huawei.android.launcher.permission.CHANGE_BADGE" />
86-->[me.leolin:ShortcutBadger:1.1.22] AndroidManifest.xml:37:5-91
86-->[me.leolin:ShortcutBadger:1.1.22] AndroidManifest.xml:37:22-88
87    <uses-permission android:name="com.huawei.android.launcher.permission.READ_SETTINGS" />
87-->[me.leolin:ShortcutBadger:1.1.22] AndroidManifest.xml:38:5-92
87-->[me.leolin:ShortcutBadger:1.1.22] AndroidManifest.xml:38:22-89
88    <uses-permission android:name="com.huawei.android.launcher.permission.WRITE_SETTINGS" /> <!-- for ZUK -->
88-->[me.leolin:ShortcutBadger:1.1.22] AndroidManifest.xml:39:5-93
88-->[me.leolin:ShortcutBadger:1.1.22] AndroidManifest.xml:39:22-90
89    <uses-permission android:name="android.permission.READ_APP_BADGE" /> <!-- for OPPO -->
89-->[me.leolin:ShortcutBadger:1.1.22] AndroidManifest.xml:42:5-73
89-->[me.leolin:ShortcutBadger:1.1.22] AndroidManifest.xml:42:22-70
90    <uses-permission android:name="com.oppo.launcher.permission.READ_SETTINGS" />
90-->[me.leolin:ShortcutBadger:1.1.22] AndroidManifest.xml:45:5-82
90-->[me.leolin:ShortcutBadger:1.1.22] AndroidManifest.xml:45:22-79
91    <uses-permission android:name="com.oppo.launcher.permission.WRITE_SETTINGS" /> <!-- for EvMe -->
91-->[me.leolin:ShortcutBadger:1.1.22] AndroidManifest.xml:46:5-83
91-->[me.leolin:ShortcutBadger:1.1.22] AndroidManifest.xml:46:22-80
92    <uses-permission android:name="me.everything.badger.permission.BADGE_COUNT_READ" />
92-->[me.leolin:ShortcutBadger:1.1.22] AndroidManifest.xml:49:5-88
92-->[me.leolin:ShortcutBadger:1.1.22] AndroidManifest.xml:49:22-85
93    <uses-permission android:name="me.everything.badger.permission.BADGE_COUNT_WRITE" /> <!-- Required by older versions of Google Play services to create IID tokens -->
93-->[me.leolin:ShortcutBadger:1.1.22] AndroidManifest.xml:50:5-89
93-->[me.leolin:ShortcutBadger:1.1.22] AndroidManifest.xml:50:22-86
94    <uses-permission android:name="com.google.android.c2dm.permission.RECEIVE" />
94-->[com.google.android.gms:play-services-iid:17.0.0] AndroidManifest.xml:23:5-82
94-->[com.google.android.gms:play-services-iid:17.0.0] AndroidManifest.xml:23:22-79
95    <uses-permission android:name="android.permission.POST_NOTIFICATIONS" />
95-->[com.google.firebase:firebase-messaging:23.1.1] AndroidManifest.xml:25:5-77
95-->[com.google.firebase:firebase-messaging:23.1.1] AndroidManifest.xml:25:22-74
96    <uses-permission android:name="com.google.android.finsky.permission.BIND_GET_INSTALL_REFERRER_SERVICE" />
96-->[com.android.installreferrer:installreferrer:1.1.2] AndroidManifest.xml:9:5-110
96-->[com.android.installreferrer:installreferrer:1.1.2] AndroidManifest.xml:9:22-107
97
98    <application
98-->src/main/AndroidManifest.xml:35:5-54:19
99        android:name="com.mendix.nativetemplate.DevApplication"
99-->src/main/AndroidManifest.xml:35:18-49
100        android:allowBackup="false"
100-->src/main/AndroidManifest.xml:35:164-191
101        android:appComponentFactory="androidx.core.app.CoreComponentFactory"
101-->[androidx.core:core:1.7.0] AndroidManifest.xml:24:18-86
102        android:debuggable="true"
103        android:icon="@mipmap/ic_launcher"
103-->src/main/AndroidManifest.xml:35:83-117
104        android:label="@string/app_name"
104-->src/main/AndroidManifest.xml:35:50-82
105        android:largeHeap="true"
105-->src/main/AndroidManifest.xml:35:192-216
106        android:requestLegacyExternalStorage="true"
106-->src/main/AndroidManifest.xml:35:249-292
107        android:roundIcon="@mipmap/ic_launcher_round"
107-->src/main/AndroidManifest.xml:35:118-163
108        android:theme="@style/AppTheme"
108-->src/main/AndroidManifest.xml:35:217-248
109        android:usesCleartextTraffic="true" >
109-->src/debug/AndroidManifest.xml:8:18-53
110        <activity
110-->src/main/AndroidManifest.xml:36:9-41:20
111            android:name="com.mendix.nativetemplate.MainActivity"
111-->src/main/AndroidManifest.xml:36:19-72
112            android:configChanges="keyboard|keyboardHidden|orientation|screenSize|uiMode"
112-->src/main/AndroidManifest.xml:36:139-216
113            android:exported="true"
113-->src/main/AndroidManifest.xml:36:257-280
114            android:label="@string/app_name"
114-->src/main/AndroidManifest.xml:36:73-105
115            android:launchMode="singleTop"
115-->src/main/AndroidManifest.xml:36:281-311
116            android:screenOrientation="user"
116-->src/main/AndroidManifest.xml:36:106-138
117            android:windowSoftInputMode="adjustPan" >
117-->src/main/AndroidManifest.xml:36:217-256
118            <intent-filter>
118-->src/main/AndroidManifest.xml:37:13-40:29
119                <action android:name="android.intent.action.MAIN" />
119-->src/main/AndroidManifest.xml:38:17-68
119-->src/main/AndroidManifest.xml:38:25-66
120
121                <category android:name="android.intent.category.LAUNCHER" />
121-->src/main/AndroidManifest.xml:39:17-76
121-->src/main/AndroidManifest.xml:39:27-74
122            </intent-filter>
123        </activity>
124        <activity
124-->src/dev/AndroidManifest.xml:4:9-266
125            android:name="com.mendix.mendixnative.activity.MendixReactActivity"
125-->src/dev/AndroidManifest.xml:4:19-86
126            android:configChanges="keyboard|keyboardHidden|orientation|screenSize|uiMode"
126-->src/dev/AndroidManifest.xml:4:87-164
127            android:exported="true"
127-->src/dev/AndroidManifest.xml:4:241-264
128            android:launchMode="singleInstance"
128-->src/dev/AndroidManifest.xml:4:165-200
129            android:windowSoftInputMode="adjustPan" />
129-->src/dev/AndroidManifest.xml:4:201-240
130        <activity android:name="com.facebook.react.devsupport.DevSettingsActivity" />
130-->src/main/AndroidManifest.xml:42:9-85
130-->src/main/AndroidManifest.xml:42:19-83
131
132        <meta-data
132-->src/main/AndroidManifest.xml:43:9-84
133            android:name="com.google.android.geo.API_KEY"
133-->src/main/AndroidManifest.xml:43:20-65
134            android:value="" />
134-->src/main/AndroidManifest.xml:43:66-82
135
136        <receiver android:name="com.dieam.reactnativepushnotification.modules.RNPushNotificationActions" />
136-->src/main/AndroidManifest.xml:44:9-107
136-->src/main/AndroidManifest.xml:44:19-105
137        <receiver android:name="com.dieam.reactnativepushnotification.modules.RNPushNotificationPublisher" />
137-->src/main/AndroidManifest.xml:45:9-109
137-->src/main/AndroidManifest.xml:45:19-107
138        <receiver
138-->src/main/AndroidManifest.xml:46:9-52:20
139            android:name="com.dieam.reactnativepushnotification.modules.RNPushNotificationBootEventReceiver"
139-->src/main/AndroidManifest.xml:46:19-115
140            android:exported="true" >
140-->src/main/AndroidManifest.xml:46:116-139
141            <intent-filter>
141-->src/main/AndroidManifest.xml:47:13-51:29
142                <action android:name="android.intent.action.BOOT_COMPLETED" />
142-->src/main/AndroidManifest.xml:48:17-78
142-->src/main/AndroidManifest.xml:48:25-76
143                <action android:name="android.intent.action.QUICKBOOT_POWERON" />
143-->src/main/AndroidManifest.xml:49:17-81
143-->src/main/AndroidManifest.xml:49:25-79
144                <action android:name="com.htc.intent.action.QUICKBOOT_POWERON" />
144-->src/main/AndroidManifest.xml:50:17-81
144-->src/main/AndroidManifest.xml:50:25-79
145            </intent-filter>
146        </receiver>
147
148        <service
148-->src/main/AndroidManifest.xml:53:9-139
149            android:name="com.dieam.reactnativepushnotification.modules.RNPushNotificationListenerService"
149-->src/main/AndroidManifest.xml:53:18-112
150            android:exported="false" />
150-->src/main/AndroidManifest.xml:53:113-137
151        <service
151-->[:react-native-firebase_messaging] AndroidManifest.xml:14:9-16:40
152            android:name="io.invertase.firebase.messaging.ReactNativeFirebaseMessagingHeadlessService"
152-->[:react-native-firebase_messaging] AndroidManifest.xml:15:13-103
153            android:exported="false" />
153-->[:react-native-firebase_messaging] AndroidManifest.xml:16:13-37
154        <service
154-->[:react-native-firebase_messaging] AndroidManifest.xml:17:9-23:19
155            android:name="io.invertase.firebase.messaging.ReactNativeFirebaseMessagingService"
155-->[:react-native-firebase_messaging] AndroidManifest.xml:18:13-95
156            android:exported="false" >
156-->[:react-native-firebase_messaging] AndroidManifest.xml:19:13-37
157            <intent-filter>
157-->[:react-native-firebase_messaging] AndroidManifest.xml:20:13-22:29
158                <action android:name="com.google.firebase.MESSAGING_EVENT" />
158-->[:react-native-firebase_messaging] AndroidManifest.xml:21:17-78
158-->[:react-native-firebase_messaging] AndroidManifest.xml:21:25-75
159            </intent-filter>
160        </service>
161
162        <receiver
162-->[:react-native-firebase_messaging] AndroidManifest.xml:25:9-32:20
163            android:name="io.invertase.firebase.messaging.ReactNativeFirebaseMessagingReceiver"
163-->[:react-native-firebase_messaging] AndroidManifest.xml:26:13-96
164            android:exported="true"
164-->[:react-native-firebase_messaging] AndroidManifest.xml:27:13-36
165            android:permission="com.google.android.c2dm.permission.SEND" >
165-->[:react-native-firebase_messaging] AndroidManifest.xml:28:13-73
166            <intent-filter>
166-->[:react-native-firebase_messaging] AndroidManifest.xml:29:13-31:29
167                <action android:name="com.google.android.c2dm.intent.RECEIVE" />
167-->[:react-native-firebase_messaging] AndroidManifest.xml:30:17-81
167-->[:react-native-firebase_messaging] AndroidManifest.xml:30:25-78
168            </intent-filter>
169        </receiver>
170
171        <meta-data
171-->[:react-native-firebase_messaging] AndroidManifest.xml:34:9-36:36
172            android:name="firebase_messaging_auto_init_enabled"
172-->[:react-native-firebase_messaging] AndroidManifest.xml:35:13-64
173            android:value="true" />
173-->[:react-native-firebase_messaging] AndroidManifest.xml:36:13-33
174        <meta-data
174-->[:react-native-firebase_messaging] AndroidManifest.xml:37:9-39:32
175            android:name="com.google.firebase.messaging.default_notification_channel_id"
175-->[:react-native-firebase_messaging] AndroidManifest.xml:38:13-89
176            android:value="" />
176-->[:react-native-firebase_messaging] AndroidManifest.xml:39:13-29
177        <meta-data
177-->[:react-native-firebase_messaging] AndroidManifest.xml:40:9-42:47
178            android:name="com.google.firebase.messaging.default_notification_color"
178-->[:react-native-firebase_messaging] AndroidManifest.xml:41:13-84
179            android:resource="@color/white" />
179-->[:react-native-firebase_messaging] AndroidManifest.xml:42:13-44
180        <meta-data
180-->[:react-native-firebase_app] AndroidManifest.xml:11:9-13:36
181            android:name="app_data_collection_default_enabled"
181-->[:react-native-firebase_app] AndroidManifest.xml:12:13-63
182            android:value="true" />
182-->[:react-native-firebase_app] AndroidManifest.xml:13:13-33
183
184        <service
184-->[:react-native-firebase_app] AndroidManifest.xml:15:9-23:19
185            android:name="com.google.firebase.components.ComponentDiscoveryService"
185-->[:react-native-firebase_app] AndroidManifest.xml:16:13-84
186            android:directBootAware="true"
186-->[:react-native-firebase_app] AndroidManifest.xml:17:13-43
187            android:exported="false" >
187-->[:react-native-firebase_app] AndroidManifest.xml:18:13-37
188            <meta-data
188-->[:react-native-firebase_app] AndroidManifest.xml:20:13-22:85
189                android:name="com.google.firebase.components:io.invertase.firebase.app.ReactNativeFirebaseAppRegistrar"
189-->[:react-native-firebase_app] AndroidManifest.xml:21:17-120
190                android:value="com.google.firebase.components.ComponentRegistrar" />
190-->[:react-native-firebase_app] AndroidManifest.xml:22:17-82
191            <meta-data
191-->[com.google.firebase:firebase-messaging:23.1.1] AndroidManifest.xml:55:13-57:85
192                android:name="com.google.firebase.components:com.google.firebase.messaging.FirebaseMessagingRegistrar"
192-->[com.google.firebase:firebase-messaging:23.1.1] AndroidManifest.xml:56:17-119
193                android:value="com.google.firebase.components.ComponentRegistrar" />
193-->[com.google.firebase:firebase-messaging:23.1.1] AndroidManifest.xml:57:17-82
194            <meta-data
194-->[com.google.firebase:firebase-datatransport:18.1.7] AndroidManifest.xml:27:13-29:85
195                android:name="com.google.firebase.components:com.google.firebase.datatransport.TransportRegistrar"
195-->[com.google.firebase:firebase-datatransport:18.1.7] AndroidManifest.xml:28:17-115
196                android:value="com.google.firebase.components.ComponentRegistrar" />
196-->[com.google.firebase:firebase-datatransport:18.1.7] AndroidManifest.xml:29:17-82
197            <meta-data
197-->[com.google.firebase:firebase-installations:17.1.0] AndroidManifest.xml:17:13-19:85
198                android:name="com.google.firebase.components:com.google.firebase.installations.FirebaseInstallationsRegistrar"
198-->[com.google.firebase:firebase-installations:17.1.0] AndroidManifest.xml:18:17-127
199                android:value="com.google.firebase.components.ComponentRegistrar" />
199-->[com.google.firebase:firebase-installations:17.1.0] AndroidManifest.xml:19:17-82
200        </service>
201
202        <provider
202-->[:react-native-firebase_app] AndroidManifest.xml:25:9-29:38
203            android:name="io.invertase.firebase.app.ReactNativeFirebaseAppInitProvider"
203-->[:react-native-firebase_app] AndroidManifest.xml:26:13-88
204            android:authorities="io.entidad.app.ariessdk.developerapp.reactnativefirebaseappinitprovider"
204-->[:react-native-firebase_app] AndroidManifest.xml:27:13-86
205            android:exported="false"
205-->[:react-native-firebase_app] AndroidManifest.xml:28:13-37
206            android:initOrder="99" />
206-->[:react-native-firebase_app] AndroidManifest.xml:29:13-35
207        <provider
207-->[:react-native-image-picker] AndroidManifest.xml:10:9-18:20
208            android:name="com.imagepicker.ImagePickerProvider"
208-->[:react-native-image-picker] AndroidManifest.xml:11:13-63
209            android:authorities="io.entidad.app.ariessdk.developerapp.imagepickerprovider"
209-->[:react-native-image-picker] AndroidManifest.xml:12:13-71
210            android:exported="false"
210-->[:react-native-image-picker] AndroidManifest.xml:13:13-37
211            android:grantUriPermissions="true" >
211-->[:react-native-image-picker] AndroidManifest.xml:14:13-47
212            <meta-data
212-->[:react-native-image-picker] AndroidManifest.xml:15:13-17:70
213                android:name="android.support.FILE_PROVIDER_PATHS"
213-->[:react-native-image-picker] AndroidManifest.xml:16:17-67
214                android:resource="@xml/imagepicker_provider_paths" />
214-->[:react-native-image-picker] AndroidManifest.xml:17:17-67
215        </provider>
216
217        <meta-data
217-->[com.github.bumptech.glide:okhttp3-integration:4.11.0] AndroidManifest.xml:11:9-13:43
218            android:name="com.bumptech.glide.integration.okhttp3.OkHttpGlideModule"
218-->[com.github.bumptech.glide:okhttp3-integration:4.11.0] AndroidManifest.xml:12:13-84
219            android:value="GlideModule" />
219-->[com.github.bumptech.glide:okhttp3-integration:4.11.0] AndroidManifest.xml:13:13-40
220
221        <activity
221-->[androidx.biometric:biometric:1.0.1] AndroidManifest.xml:28:9-31:67
222            android:name="androidx.biometric.DeviceCredentialHandlerActivity"
222-->[androidx.biometric:biometric:1.0.1] AndroidManifest.xml:29:13-78
223            android:exported="true"
223-->[androidx.biometric:biometric:1.0.1] AndroidManifest.xml:30:13-36
224            android:theme="@style/DeviceCredentialHandlerTheme" />
224-->[androidx.biometric:biometric:1.0.1] AndroidManifest.xml:31:13-64
225        <activity
225-->[com.google.android.gms:play-services-auth:20.3.0] AndroidManifest.xml:23:9-27:75
226            android:name="com.google.android.gms.auth.api.signin.internal.SignInHubActivity"
226-->[com.google.android.gms:play-services-auth:20.3.0] AndroidManifest.xml:24:13-93
227            android:excludeFromRecents="true"
227-->[com.google.android.gms:play-services-auth:20.3.0] AndroidManifest.xml:25:13-46
228            android:exported="false"
228-->[com.google.android.gms:play-services-auth:20.3.0] AndroidManifest.xml:26:13-37
229            android:theme="@android:style/Theme.Translucent.NoTitleBar" />
229-->[com.google.android.gms:play-services-auth:20.3.0] AndroidManifest.xml:27:13-72
230        <!--
231            Service handling Google Sign-In user revocation. For apps that do not integrate with
232            Google Sign-In, this service will never be started.
233        -->
234        <service
234-->[com.google.android.gms:play-services-auth:20.3.0] AndroidManifest.xml:33:9-37:51
235            android:name="com.google.android.gms.auth.api.signin.RevocationBoundService"
235-->[com.google.android.gms:play-services-auth:20.3.0] AndroidManifest.xml:34:13-89
236            android:exported="true"
236-->[com.google.android.gms:play-services-auth:20.3.0] AndroidManifest.xml:35:13-36
237            android:permission="com.google.android.gms.auth.api.signin.permission.REVOCATION_NOTIFICATION"
237-->[com.google.android.gms:play-services-auth:20.3.0] AndroidManifest.xml:36:13-107
238            android:visibleToInstantApps="true" />
238-->[com.google.android.gms:play-services-auth:20.3.0] AndroidManifest.xml:37:13-48
239
240        <receiver
240-->[com.google.firebase:firebase-messaging:23.1.1] AndroidManifest.xml:31:9-38:20
241            android:name="com.google.firebase.iid.FirebaseInstanceIdReceiver"
241-->[com.google.firebase:firebase-messaging:23.1.1] AndroidManifest.xml:32:13-78
242            android:exported="true"
242-->[com.google.firebase:firebase-messaging:23.1.1] AndroidManifest.xml:33:13-36
243            android:permission="com.google.android.c2dm.permission.SEND" >
243-->[com.google.firebase:firebase-messaging:23.1.1] AndroidManifest.xml:34:13-73
244            <intent-filter>
244-->[:react-native-firebase_messaging] AndroidManifest.xml:29:13-31:29
245                <action android:name="com.google.android.c2dm.intent.RECEIVE" />
245-->[:react-native-firebase_messaging] AndroidManifest.xml:30:17-81
245-->[:react-native-firebase_messaging] AndroidManifest.xml:30:25-78
246            </intent-filter>
247        </receiver>
248        <!--
249             FirebaseMessagingService performs security checks at runtime,
250             but set to not exported to explicitly avoid allowing another app to call it.
251        -->
252        <service
252-->[com.google.firebase:firebase-messaging:23.1.1] AndroidManifest.xml:44:9-51:19
253            android:name="com.google.firebase.messaging.FirebaseMessagingService"
253-->[com.google.firebase:firebase-messaging:23.1.1] AndroidManifest.xml:45:13-82
254            android:directBootAware="true"
254-->[com.google.firebase:firebase-messaging:23.1.1] AndroidManifest.xml:46:13-43
255            android:exported="false" >
255-->[com.google.firebase:firebase-messaging:23.1.1] AndroidManifest.xml:47:13-37
256            <intent-filter android:priority="-500" >
256-->[:react-native-firebase_messaging] AndroidManifest.xml:20:13-22:29
257                <action android:name="com.google.firebase.MESSAGING_EVENT" />
257-->[:react-native-firebase_messaging] AndroidManifest.xml:21:17-78
257-->[:react-native-firebase_messaging] AndroidManifest.xml:21:25-75
258            </intent-filter>
259        </service>
260
261        <activity
261-->[com.google.android.gms:play-services-base:18.0.1] AndroidManifest.xml:20:9-22:45
262            android:name="com.google.android.gms.common.api.GoogleApiActivity"
262-->[com.google.android.gms:play-services-base:18.0.1] AndroidManifest.xml:20:19-85
263            android:exported="false"
263-->[com.google.android.gms:play-services-base:18.0.1] AndroidManifest.xml:22:19-43
264            android:theme="@android:style/Theme.Translucent.NoTitleBar" />
264-->[com.google.android.gms:play-services-base:18.0.1] AndroidManifest.xml:21:19-78
265
266        <provider
266-->[com.google.firebase:firebase-common:20.3.0] AndroidManifest.xml:25:9-30:39
267            android:name="com.google.firebase.provider.FirebaseInitProvider"
267-->[com.google.firebase:firebase-common:20.3.0] AndroidManifest.xml:26:13-77
268            android:authorities="io.entidad.app.ariessdk.developerapp.firebaseinitprovider"
268-->[com.google.firebase:firebase-common:20.3.0] AndroidManifest.xml:27:13-72
269            android:directBootAware="true"
269-->[com.google.firebase:firebase-common:20.3.0] AndroidManifest.xml:28:13-43
270            android:exported="false"
270-->[com.google.firebase:firebase-common:20.3.0] AndroidManifest.xml:29:13-37
271            android:initOrder="100" />
271-->[com.google.firebase:firebase-common:20.3.0] AndroidManifest.xml:30:13-36
272
273        <meta-data
273-->[com.google.android.gms:play-services-basement:18.1.0] AndroidManifest.xml:21:9-23:69
274            android:name="com.google.android.gms.version"
274-->[com.google.android.gms:play-services-basement:18.1.0] AndroidManifest.xml:22:13-58
275            android:value="@integer/google_play_services_version" />
275-->[com.google.android.gms:play-services-basement:18.1.0] AndroidManifest.xml:23:13-66
276
277        <provider